<?xml version="1.0" encoding="UTF-8"?>
<beans xmlns="http://www.springframework.org/schema/beans"
	xmlns:xsi="http://www.w3.org/2001/XMLSchema-instance" xmlns:context="http://www.springframework.org/schema/context"
	xmlns:jdbc="http://www.springframework.org/schema/jdbc" xmlns:util="http://www.springframework.org/schema/util"
	xmlns:tx="http://www.springframework.org/schema/tx" xmlns:aop="http://www.springframework.org/schema/aop"
	xsi:schemaLocation="http://www.springframework.org/schema/beans 
	http://www.springframework.org/schema/beans/spring-beans-3.0.xsd 
	http://www.springframework.org/schema/context 
	http://www.springframework.org/schema/context/spring-context-3.0.xsd 
	http://www.springframework.org/schema/tx 
	http://www.springframework.org/schema/tx/spring-tx-3.0.xsd
	http://www.springframework.org/schema/util 
	http://www.springframework.org/schema/util/spring-util-3.0.xsd
	http://www.springframework.org/schema/aop 
	http://www.springframework.org/schema/aop/spring-aop-2.5.xsd ">
	<context:component-scan base-package="com.huayin.common" />
	
	<bean id="SlaveEntityManagerFactory"
		class="org.springframework.orm.jpa.LocalContainerEntityManagerFactoryBean">
		<property name="dataSource" ref="slaveDataSource" />
		<property name="packagesToScan">
			<list>
				<value>com.huayin</value>
			</list>
		</property>
		<property name="mappingResources">
			<list>
				<value>META-INF/orm.xml</value>
			</list>
		</property>
		<property name="jpaVendorAdapter">
			<bean class="org.springframework.orm.jpa.vendor.HibernateJpaVendorAdapter">
				<property name="showSql" value="false" />
				<property name="generateDdl" value="true" />
			</bean>
		</property>
		<property name="jpaDialect">
			<bean class="org.springframework.orm.jpa.vendor.HibernateJpaDialect" />
		</property>
		<property name="jpaProperties">
			<props>
				<prop key="hibernate.cache.provider_class">org.hibernate.cache.EhCacheProvider</prop>
				<prop key="hibernate.cache.use_second_level_cache">true</prop>
				<prop key="hibernate.cache.use_query_cache">true</prop>
				<prop key="hibernate.ejb.event.post-insert">com.huayin.common.persist.OperateLogListener</prop>
				<prop key="hibernate.ejb.event.post-update">com.huayin.common.persist.OperateLogListener</prop>
				<prop key="hibernate.ejb.event.post-delete">com.huayin.common.persist.OperateLogListener</prop>
				<prop key="net.sf.ehcache.configurationResourceName">/ehcache/ehcache-custom.xml</prop>
			</props>
		</property>
	</bean>
	
	<bean name="slaveSharedEntityManagerBean"
		class="org.springframework.orm.jpa.support.SharedEntityManagerBean">
		<property name="entityManagerFactory" ref="SlaveEntityManagerFactory" />
	</bean>
</beans>